<?xml version="1.0" encoding="UTF-8"?>
<testsuite xmlns:xsi="http://www.w3.org/2001/XMLSchema-instance" xsi:noNamespaceSchemaLocation="https://maven.apache.org/surefire/maven-surefire-plugin/xsd/surefire-test-report-3.0.xsd" version="3.0" name="com.zawisza.planZajec.PlanZajecApplicationTests" time="7.952" tests="1" errors="0" skipped="0" failures="0">
  <properties>
[...]
</properties>
  <testcase name="contextLoads" classname="com.zawisza.planZajec.PlanZajecApplicationTests" time="0.536">
    <system-out><![CDATA[22:22:39.971 [main] INFO org.springframework.test.context.support.AnnotationConfigContextLoaderUtils -- Could not detect default configuration classes for test class [com.zawisza.planZajec.PlanZajecApplicationTests]: PlanZajecApplicationTests does not declare any static, non-private, non-final, nested classes annotated with @Configuration.
22:22:40.076 [main] INFO org.springframework.boot.test.context.SpringBootTestContextBootstrapper -- Found @SpringBootConfiguration com.zawisza.planZajec.PlanZajecApplication for test class com.zawisza.planZajec.PlanZajecApplicationTests

  .   ____          _            __ _ _
 /\\ / ___'_ __ _ _(_)_ __  __ _ \ \ \ \
( ( )\___ | '_ | '_| | '_ \/ _` | \ \ \ \
 \\/  ___)| |_)| | | | | || (_| |  ) ) ) )
  '  |____| .__|_| |_|_| |_\__, | / / / /
 =========|_|==============|___/=/_/_/_/
 :: Spring Boot ::                (v3.1.5)

2024-02-05T22:22:40.484+01:00  INFO 15864 --- [           main] c.z.planZajec.PlanZajecApplicationTests  : Starting PlanZajecApplicationTests using Java 21 with PID 15864 (started by Krecik in D:\planZajec\planZajec)
2024-02-05T22:22:40.485+01:00  INFO 15864 --- [           main] c.z.planZajec.PlanZajecApplicationTests  : No active profile set, falling back to 1 default profile: "default"
2024-02-05T22:22:41.220+01:00  INFO 15864 --- [           main] .s.d.r.c.RepositoryConfigurationDelegate : Bootstrapping Spring Data JPA repositories in DEFAULT mode.
2024-02-05T22:22:41.324+01:00  INFO 15864 --- [           main] .s.d.r.c.RepositoryConfigurationDelegate : Finished Spring Data repository scanning in 94 ms. Found 6 JPA repository interfaces.
2024-02-05T22:22:41.898+01:00  INFO 15864 --- [           main] o.hibernate.jpa.internal.util.LogHelper  : HHH000204: Processing PersistenceUnitInfo [name: default]
2024-02-05T22:22:41.970+01:00  INFO 15864 --- [           main] org.hibernate.Version                    : HHH000412: Hibernate ORM core version 6.2.13.Final
2024-02-05T22:22:41.972+01:00  INFO 15864 --- [           main] org.hibernate.cfg.Environment            : HHH000406: Using bytecode reflection optimizer
2024-02-05T22:22:42.315+01:00  INFO 15864 --- [           main] o.s.o.j.p.SpringPersistenceUnitInfo      : No LoadTimeWeaver setup: ignoring JPA class transformer
2024-02-05T22:22:42.351+01:00  INFO 15864 --- [           main] com.zaxxer.hikari.HikariDataSource       : HikariPool-1 - Starting...
2024-02-05T22:22:42.460+01:00  INFO 15864 --- [           main] com.zaxxer.hikari.pool.PoolBase          : HikariPool-1 - Driver does not support get/set network timeout for connections. (Receiver class org.h2.jdbc.JdbcConnection does not define or inherit an implementation of the resolved method 'abstract int getNetworkTimeout()' of interface java.sql.Connection.)
2024-02-05T22:22:42.469+01:00  INFO 15864 --- [           main] com.zaxxer.hikari.pool.HikariPool        : HikariPool-1 - Added connection conn0: url=jdbc:h2:mem:planZajec  user=SA
2024-02-05T22:22:42.471+01:00  INFO 15864 --- [           main] com.zaxxer.hikari.HikariDataSource       : HikariPool-1 - Start completed.
2024-02-05T22:22:42.508+01:00  WARN 15864 --- [           main] org.hibernate.dialect.Dialect            : HHH000511: The 1.4.183 version for [org.hibernate.dialect.H2Dialect] is no longer supported, hence certain features may not work properly. The minimum supported version is 1.4.197. Check the community dialects project for available legacy versions.
2024-02-05T22:22:43.451+01:00  INFO 15864 --- [           main] o.h.e.t.j.p.i.JtaPlatformInitiator       : HHH000489: No JTA platform available (set 'hibernate.transaction.jta.platform' to enable JTA platform integration)
2024-02-05T22:22:43.501+01:00  INFO 15864 --- [           main] j.LocalContainerEntityManagerFactoryBean : Initialized JPA EntityManagerFactory for persistence unit 'default'
2024-02-05T22:22:43.780+01:00  INFO 15864 --- [           main] o.s.d.j.r.query.QueryEnhancerFactory     : Hibernate is in classpath; If applicable, HQL parser will be used.
2024-02-05T22:22:46.520+01:00  WARN 15864 --- [           main] JpaBaseConfiguration$JpaWebConfiguration : spring.jpa.open-in-view is enabled by default. Therefore, database queries may be performed during view rendering. Explicitly configure spring.jpa.open-in-view to disable this warning
2024-02-05T22:22:46.539+01:00  WARN 15864 --- [           main] .s.s.UserDetailsServiceAutoConfiguration : 

Using generated security password: 3bebae16-2262-47dd-b6f4-4a63fc94475e

This generated password is for development use only. Your security configuration must be updated before running your application in production.

2024-02-05T22:22:46.881+01:00  INFO 15864 --- [           main] o.s.s.web.DefaultSecurityFilterChain     : Will secure any request with [org.springframework.security.web.session.DisableEncodeUrlFilter@35cf5d9, org.springframework.security.web.context.request.async.WebAsyncManagerIntegrationFilter@58030528, org.springframework.security.web.context.SecurityContextHolderFilter@5ace2ce3, org.springframework.security.web.header.HeaderWriterFilter@fbd9b1f, org.springframework.security.web.csrf.CsrfFilter@23707d5d, org.springframework.security.web.authentication.logout.LogoutFilter@475cb91b, org.springframework.security.web.authentication.www.BasicAuthenticationFilter@43a304ee, org.springframework.security.web.savedrequest.RequestCacheAwareFilter@6cd9cafb, org.springframework.security.web.servletapi.SecurityContextHolderAwareRequestFilter@4c32d208, org.springframework.security.web.authentication.AnonymousAuthenticationFilter@c39ebcf, org.springframework.security.web.access.ExceptionTranslationFilter@519f1a7d, org.springframework.security.web.access.intercept.AuthorizationFilter@3b4aeacd]
2024-02-05T22:22:47.196+01:00  INFO 15864 --- [           main] c.z.planZajec.PlanZajecApplicationTests  : Started PlanZajecApplicationTests in 6.971 seconds (process running for 8.079)
]]></system-out>
  </testcase>
</testsuite>