<?xml version="1.0" encoding="UTF-8"?>
<testsuite xmlns:xsi="http://www.w3.org/2001/XMLSchema-instance" xsi:noNamespaceSchemaLocation="https://maven.apache.org/surefire/maven-surefire-plugin/xsd/surefire-test-report-3.0.xsd" version="3.0" name="com.zawisza.planZajec.PlanZajecApplicationTests" time="7.365" tests="1" errors="0" skipped="0" failures="0">
  <properties>
[...]
</properties>
  <testcase name="contextLoads" classname="com.zawisza.planZajec.PlanZajecApplicationTests" time="0.559">
    <system-out><![CDATA[21:41:57.501 [main] INFO org.springframework.test.context.support.AnnotationConfigContextLoaderUtils -- Could not detect default configuration classes for test class [com.zawisza.planZajec.PlanZajecApplicationTests]: PlanZajecApplicationTests does not declare any static, non-private, non-final, nested classes annotated with @Configuration.
21:41:57.655 [main] INFO org.springframework.boot.test.context.SpringBootTestContextBootstrapper -- Found @SpringBootConfiguration com.zawisza.planZajec.PlanZajecApplication for test class com.zawisza.planZajec.PlanZajecApplicationTests

  .   ____          _            __ _ _
 /\\ / ___'_ __ _ _(_)_ __  __ _ \ \ \ \
( ( )\___ | '_ | '_| | '_ \/ _` | \ \ \ \
 \\/  ___)| |_)| | | | | || (_| |  ) ) ) )
  '  |____| .__|_| |_|_| |_\__, | / / / /
 =========|_|==============|___/=/_/_/_/
 :: Spring Boot ::                (v3.1.5)

2024-02-04T21:41:58.048+01:00  INFO 25136 --- [           main] c.z.planZajec.PlanZajecApplicationTests  : Starting PlanZajecApplicationTests using Java 21 with PID 25136 (started by Krecik in D:\planZajec\planZajec)
2024-02-04T21:41:58.050+01:00  INFO 25136 --- [           main] c.z.planZajec.PlanZajecApplicationTests  : No active profile set, falling back to 1 default profile: "default"
2024-02-04T21:41:58.993+01:00  INFO 25136 --- [           main] .s.d.r.c.RepositoryConfigurationDelegate : Bootstrapping Spring Data JPA repositories in DEFAULT mode.
2024-02-04T21:41:59.099+01:00  INFO 25136 --- [           main] .s.d.r.c.RepositoryConfigurationDelegate : Finished Spring Data repository scanning in 91 ms. Found 6 JPA repository interfaces.
2024-02-04T21:41:59.621+01:00  INFO 25136 --- [           main] o.hibernate.jpa.internal.util.LogHelper  : HHH000204: Processing PersistenceUnitInfo [name: default]
2024-02-04T21:41:59.709+01:00  INFO 25136 --- [           main] org.hibernate.Version                    : HHH000412: Hibernate ORM core version 6.2.13.Final
2024-02-04T21:41:59.711+01:00  INFO 25136 --- [           main] org.hibernate.cfg.Environment            : HHH000406: Using bytecode reflection optimizer
2024-02-04T21:42:00.005+01:00  INFO 25136 --- [           main] o.s.o.j.p.SpringPersistenceUnitInfo      : No LoadTimeWeaver setup: ignoring JPA class transformer
2024-02-04T21:42:00.030+01:00  INFO 25136 --- [           main] com.zaxxer.hikari.HikariDataSource       : HikariPool-1 - Starting...
2024-02-04T21:42:00.141+01:00  INFO 25136 --- [           main] com.zaxxer.hikari.pool.PoolBase          : HikariPool-1 - Driver does not support get/set network timeout for connections. (Receiver class org.h2.jdbc.JdbcConnection does not define or inherit an implementation of the resolved method 'abstract int getNetworkTimeout()' of interface java.sql.Connection.)
2024-02-04T21:42:00.148+01:00  INFO 25136 --- [           main] com.zaxxer.hikari.pool.HikariPool        : HikariPool-1 - Added connection conn0: url=jdbc:h2:mem:planZajec  user=SA
2024-02-04T21:42:00.150+01:00  INFO 25136 --- [           main] com.zaxxer.hikari.HikariDataSource       : HikariPool-1 - Start completed.
2024-02-04T21:42:00.205+01:00  WARN 25136 --- [           main] org.hibernate.dialect.Dialect            : HHH000511: The 1.4.183 version for [org.hibernate.dialect.H2Dialect] is no longer supported, hence certain features may not work properly. The minimum supported version is 1.4.197. Check the community dialects project for available legacy versions.
2024-02-04T21:42:01.135+01:00  INFO 25136 --- [           main] o.h.e.t.j.p.i.JtaPlatformInitiator       : HHH000489: No JTA platform available (set 'hibernate.transaction.jta.platform' to enable JTA platform integration)
2024-02-04T21:42:01.194+01:00  INFO 25136 --- [           main] j.LocalContainerEntityManagerFactoryBean : Initialized JPA EntityManagerFactory for persistence unit 'default'
2024-02-04T21:42:01.444+01:00  INFO 25136 --- [           main] o.s.d.j.r.query.QueryEnhancerFactory     : Hibernate is in classpath; If applicable, HQL parser will be used.
2024-02-04T21:42:03.437+01:00  WARN 25136 --- [           main] JpaBaseConfiguration$JpaWebConfiguration : spring.jpa.open-in-view is enabled by default. Therefore, database queries may be performed during view rendering. Explicitly configure spring.jpa.open-in-view to disable this warning
2024-02-04T21:42:03.457+01:00  WARN 25136 --- [           main] .s.s.UserDetailsServiceAutoConfiguration : 

Using generated security password: 708d58a9-926b-4c17-812c-673cd70fe2d0

This generated password is for development use only. Your security configuration must be updated before running your application in production.

2024-02-04T21:42:03.794+01:00  INFO 25136 --- [           main] o.s.s.web.DefaultSecurityFilterChain     : Will secure any request with [org.springframework.security.web.session.DisableEncodeUrlFilter@7ff167c4, org.springframework.security.web.context.request.async.WebAsyncManagerIntegrationFilter@1be7b7de, org.springframework.security.web.context.SecurityContextHolderFilter@3da20c42, org.springframework.security.web.header.HeaderWriterFilter@5ace2ce3, org.springframework.security.web.csrf.CsrfFilter@3fdb9c55, org.springframework.security.web.authentication.logout.LogoutFilter@64027866, org.springframework.security.web.authentication.www.BasicAuthenticationFilter@35cf5d9, org.springframework.security.web.savedrequest.RequestCacheAwareFilter@6e9e4332, org.springframework.security.web.servletapi.SecurityContextHolderAwareRequestFilter@6f475ede, org.springframework.security.web.authentication.AnonymousAuthenticationFilter@5b0ddbcf, org.springframework.security.web.access.ExceptionTranslationFilter@7f85482c, org.springframework.security.web.access.intercept.AuthorizationFilter@74ed1b3d]
2024-02-04T21:42:04.097+01:00  INFO 25136 --- [           main] c.z.planZajec.PlanZajecApplicationTests  : Started PlanZajecApplicationTests in 6.286 seconds (process running for 7.408)
]]></system-out>
  </testcase>
</testsuite>